#
# There is insufficient memory for the Java Runtime Environment to continue.
# Native memory allocation (mmap) failed to map 132120576 bytes for G1 virtual space
# Possible reasons:
#   The system is out of physical RAM or swap space
#   The process is running with CompressedOops enabled, and the Java Heap may be blocking the growth of the native heap
# Possible solutions:
#   Reduce memory load on the system
#   Increase physical memory or swap space
#   Check if swap backing store is full
#   Decrease Java heap size (-Xmx/-Xms)
#   Decrease number of Java threads
#   Decrease Java thread stack sizes (-Xss)
#   Set larger code cache with -XX:ReservedCodeCacheSize=
#   JVM is running with Unscaled Compressed Oops mode in which the Java heap is
#     placed in the first 4GB address space. The Java Heap base address is the
#     maximum limit for the native heap growth. Please use -XX:HeapBaseMinAddress
#     to set the Java Heap base and to place the Java Heap above 4GB virtual address.
# This output file may be truncated or incomplete.
#
#  Out of Memory Error (os_windows.cpp:3552), pid=12800, tid=10932
#
# JRE version:  (17.0.9+11) (build )
# Java VM: Java HotSpot(TM) 64-Bit Server VM (17.0.9+11-LTS-201, mixed mode, sharing, tiered, compressed oops, compressed class ptrs, g1 gc, windows-amd64)
# No core dump will be written. Minidumps are not enabled by default on client versions of Windows
#

---------------  S U M M A R Y ------------

Command Line: -javaagent:C:\Program Files\JetBrains\IntelliJ IDEA Community Edition 2024.3.5\lib\idea_rt.jar=53847 -Dfile.encoding=UTF-8 br.com.cotiinformatica.ControleProjetoJavaApplication

Host: Intel(R) Core(TM) i5-8350U CPU @ 1.70GHz, 8 cores, 7G,  Windows 11 , 64 bit Build 22621 (10.0.22621.4974)
Time: Mon Apr  7 16:43:28 2025 Hora oficial do Brasil elapsed time: 0.025096 seconds (0d 0h 0m 0s)

---------------  T H R E A D  ---------------

Current thread (0x000001b88b35a830):  JavaThread "Unknown thread" [_thread_in_vm, id=10932, stack(0x000000593e900000,0x000000593ea00000)]

Stack: [0x000000593e900000,0x000000593ea00000]
Native frames: (J=compiled Java code, j=interpreted, Vv=VM code, C=native code)
V  [jvm.dll+0x678a4a]
V  [jvm.dll+0x7d9cfd]
V  [jvm.dll+0x7db60e]
V  [jvm.dll+0x7dbc73]
V  [jvm.dll+0x245e1f]
V  [jvm.dll+0x6758f9]
V  [jvm.dll+0x66a2a2]
V  [jvm.dll+0x303686]
V  [jvm.dll+0x30ac06]
V  [jvm.dll+0x35a48e]
V  [jvm.dll+0x35a6bf]
V  [jvm.dll+0x2da678]
V  [jvm.dll+0x2db5e4]
V  [jvm.dll+0x7ab6b1]
V  [jvm.dll+0x368041]
V  [jvm.dll+0x78a749]
V  [jvm.dll+0x3ebd4f]
V  [jvm.dll+0x3ed7d1]
C  [jli.dll+0x5297]
C  [ucrtbase.dll+0x29333]
C  [KERNEL32.DLL+0x1259d]
C  [ntdll.dll+0x5af38]


---------------  P R O C E S S  ---------------

Threads class SMR info:
_java_thread_list=0x00007ff806ff89d8, length=0, elements={
}

Java Threads: ( => current thread )

Other Threads:
  0x000001b88b3b6ba0 GCTaskThread "GC Thread#0" [stack: 0x000000593ea00000,0x000000593eb00000] [id=14516]
  0x000001b88b3c75f0 ConcurrentGCThread "G1 Main Marker" [stack: 0x000000593eb00000,0x000000593ec00000] [id=5956]
  0x000001b88b3c87a0 ConcurrentGCThread "G1 Conc#0" [stack: 0x000000593ec00000,0x000000593ed00000] [id=1716]

[error occurred during error reporting (printing all threads), id 0xc0000005, EXCEPTION_ACCESS_VIOLATION (0xc0000005) at pc=0x00007ff80682b2d7]

VM state: not at safepoint (not fully initialized)

VM Mutex/Monitor currently owned by a thread:  ([mutex/lock_event])
[0x000001b88b3576d0] Heap_lock - owner thread: 0x000001b88b35a830

Heap address: 0x0000000082800000, size: 2008 MB, Compressed Oops mode: 32-bit

CDS archive(s) mapped at: [0x0000000000000000-0x0000000000000000-0x0000000000000000), size 0, SharedBaseAddress: 0x0000000800000000, ArchiveRelocationMode: 1.
Narrow klass base: 0x0000000000000000, Narrow klass shift: 0, Narrow klass range: 0x0

GC Precious Log:
<Empty>

Heap:
 garbage-first heap   total 0K, used 0K [0x0000000082800000, 0x0000000100000000)
  region size 1024K, 0 young (0K), 0 survivors (0K)

[error occurred during error reporting (printing heap information), id 0xc0000005, EXCEPTION_ACCESS_VIOLATION (0xc0000005) at pc=0x00007ff806c12229]

GC Heap History (0 events):
No events

Deoptimization events (0 events):
No events

Classes unloaded (0 events):
No events

Classes redefined (0 events):
No events

Internal exceptions (0 events):
No events

VM Operations (0 events):
No events

Events (1 events):
Event: 0.019 Loaded shared library C:\Program Files\Java\jdk-17\bin\java.dll


Dynamic libraries:
0x00007ff66a300000 - 0x00007ff66a310000 	C:\Program Files\Java\jdk-17\bin\java.exe
0x00007ff878f10000 - 0x00007ff879127000 	C:\WINDOWS\SYSTEM32\ntdll.dll
0x00007ff876ef0000 - 0x00007ff876fb4000 	C:\WINDOWS\System32\KERNEL32.DLL
0x00007ff876570000 - 0x00007ff876941000 	C:\WINDOWS\System32\KERNELBASE.dll
0x00007ff876080000 - 0x00007ff876191000 	C:\WINDOWS\System32\ucrtbase.dll
0x00007ff86cad0000 - 0x00007ff86cae9000 	C:\Program Files\Java\jdk-17\bin\jli.dll
0x00007ff86c3b0000 - 0x00007ff86c3cb000 	C:\Program Files\Java\jdk-17\bin\VCRUNTIME140.dll
0x00007ff878a50000 - 0x00007ff878b01000 	C:\WINDOWS\System32\ADVAPI32.dll
0x00007ff877170000 - 0x00007ff877217000 	C:\WINDOWS\System32\msvcrt.dll
0x00007ff877080000 - 0x00007ff877127000 	C:\WINDOWS\System32\sechost.dll
0x00007ff876050000 - 0x00007ff876078000 	C:\WINDOWS\System32\bcrypt.dll
0x00007ff877220000 - 0x00007ff877334000 	C:\WINDOWS\System32\RPCRT4.dll
0x00007ff878800000 - 0x00007ff8789b1000 	C:\WINDOWS\System32\USER32.dll
0x00007ff8764a0000 - 0x00007ff8764c6000 	C:\WINDOWS\System32\win32u.dll
0x00007ff876be0000 - 0x00007ff876c09000 	C:\WINDOWS\System32\GDI32.dll
0x00007ff85ee40000 - 0x00007ff85f0d2000 	C:\WINDOWS\WinSxS\amd64_microsoft.windows.common-controls_6595b64144ccf1df_6.0.22621.4830_none_270fe7d773858e80\COMCTL32.dll
0x00007ff876ac0000 - 0x00007ff876bdb000 	C:\WINDOWS\System32\gdi32full.dll
0x00007ff8764d0000 - 0x00007ff87656a000 	C:\WINDOWS\System32\msvcp_win.dll
0x00007ff8709c0000 - 0x00007ff8709ca000 	C:\WINDOWS\SYSTEM32\VERSION.dll
0x00007ff877130000 - 0x00007ff877161000 	C:\WINDOWS\System32\IMM32.DLL
0x00007ff8707a0000 - 0x00007ff8707ac000 	C:\Program Files\Java\jdk-17\bin\vcruntime140_1.dll
0x00007ff84b730000 - 0x00007ff84b7be000 	C:\Program Files\Java\jdk-17\bin\msvcp140.dll
0x00007ff806540000 - 0x00007ff807121000 	C:\Program Files\Java\jdk-17\bin\server\jvm.dll
0x00007ff8789c0000 - 0x00007ff8789c8000 	C:\WINDOWS\System32\PSAPI.DLL
0x00007ff8595d0000 - 0x00007ff8595d9000 	C:\WINDOWS\SYSTEM32\WSOCK32.dll
0x00007ff8704e0000 - 0x00007ff870514000 	C:\WINDOWS\SYSTEM32\WINMM.dll
0x00007ff878e30000 - 0x00007ff878ea1000 	C:\WINDOWS\System32\WS2_32.dll
0x00007ff875150000 - 0x00007ff875168000 	C:\WINDOWS\SYSTEM32\kernel.appcore.dll
0x00007ff870650000 - 0x00007ff87065a000 	C:\Program Files\Java\jdk-17\bin\jimage.dll
0x00007ff873ae0000 - 0x00007ff873d12000 	C:\WINDOWS\SYSTEM32\DBGHELP.DLL
0x00007ff8782a0000 - 0x00007ff878630000 	C:\WINDOWS\System32\combase.dll
0x00007ff876db0000 - 0x00007ff876e87000 	C:\WINDOWS\System32\OLEAUT32.dll
0x00007ff85f380000 - 0x00007ff85f3b2000 	C:\WINDOWS\SYSTEM32\dbgcore.DLL
0x00007ff876220000 - 0x00007ff87629b000 	C:\WINDOWS\System32\bcryptPrimitives.dll
0x00007ff86b9e0000 - 0x00007ff86b9ee000 	C:\Program Files\Java\jdk-17\bin\instrument.dll
0x00007ff84c740000 - 0x00007ff84c765000 	C:\Program Files\Java\jdk-17\bin\java.dll

dbghelp: loaded successfully - version: 4.0.5 - missing functions: none
symbol engine: initialized successfully - sym options: 0x614 - pdb path: .;C:\Program Files\Java\jdk-17\bin;C:\WINDOWS\SYSTEM32;C:\WINDOWS\WinSxS\amd64_microsoft.windows.common-controls_6595b64144ccf1df_6.0.22621.4830_none_270fe7d773858e80;C:\Program Files\Java\jdk-17\bin\server

VM Arguments:
jvm_args: -javaagent:C:\Program Files\JetBrains\IntelliJ IDEA Community Edition 2024.3.5\lib\idea_rt.jar=53847 -Dfile.encoding=UTF-8 
java_command: br.com.cotiinformatica.ControleProjetoJavaApplication
java_class_path (initial): C:\Estudo Java\controleProjetoJava\target\classes;C:\Users\User\.m2\repository\org\springframework\boot\spring-boot-starter-web\3.4.4\spring-boot-starter-web-3.4.4.jar;C:\Users\User\.m2\repository\org\springframework\boot\spring-boot-starter\3.4.4\spring-boot-starter-3.4.4.jar;C:\Users\User\.m2\repository\org\springframework\boot\spring-boot-starter-logging\3.4.4\spring-boot-starter-logging-3.4.4.jar;C:\Users\User\.m2\repository\ch\qos\logback\logback-classic\1.5.18\logback-classic-1.5.18.jar;C:\Users\User\.m2\repository\ch\qos\logback\logback-core\1.5.18\logback-core-1.5.18.jar;C:\Users\User\.m2\repository\org\apache\logging\log4j\log4j-to-slf4j\2.24.3\log4j-to-slf4j-2.24.3.jar;C:\Users\User\.m2\repository\org\apache\logging\log4j\log4j-api\2.24.3\log4j-api-2.24.3.jar;C:\Users\User\.m2\repository\org\slf4j\jul-to-slf4j\2.0.17\jul-to-slf4j-2.0.17.jar;C:\Users\User\.m2\repository\jakarta\annotation\jakarta.annotation-api\2.1.1\jakarta.annotation-api-2.1.1.jar;C:\Users\User\.m2\repository\org\yaml\snakeyaml\2.3\snakeyaml-2.3.jar;C:\Users\User\.m2\repository\org\springframework\boot\spring-boot-starter-json\3.4.4\spring-boot-starter-json-3.4.4.jar;C:\Users\User\.m2\repository\com\fasterxml\jackson\core\jackson-databind\2.18.3\jackson-databind-2.18.3.jar;C:\Users\User\.m2\repository\com\fasterxml\jackson\core\jackson-annotations\2.18.3\jackson-annotations-2.18.3.jar;C:\Users\User\.m2\repository\com\fasterxml\jackson\core\jackson-core\2.18.3\jackson-core-2.18.3.jar;C:\Users\User\.m2\repository\com\fasterxml\jackson\datatype\jackson-datatype-jdk8\2.18.3\jackson-datatype-jdk8-2.18.3.jar;C:\Users\User\.m2\repository\com\fasterxml\jackson\datatype\jackson-datatype-jsr310\2.18.3\jackson-datatype-jsr310-2.18.3.jar;C:\Users\User\.m2\repository\com\fasterxml\jackson\module\jackson-module-parameter-names\2.18.3\jackson-module-parameter-names-2.18.3.jar;C:\Users\User\.m2\repository\org\springframework\boot\spring-boot-starter-tomcat\3.4.4\spring-boot-s
Launcher Type: SUN_STANDARD

[Global flags]
     intx CICompilerCount                          = 4                                         {product} {ergonomic}
     uint ConcGCThreads                            = 2                                         {product} {ergonomic}
     uint G1ConcRefinementThreads                  = 8                                         {product} {ergonomic}
   size_t G1HeapRegionSize                         = 1048576                                   {product} {ergonomic}
    uintx GCDrainStackTargetSize                   = 64                                        {product} {ergonomic}
   size_t InitialHeapSize                          = 132120576                                 {product} {ergonomic}
   size_t MarkStackSize                            = 4194304                                   {product} {ergonomic}
   size_t MaxHeapSize                              = 2105540608                                {product} {ergonomic}
   size_t MinHeapDeltaBytes                        = 1048576                                   {product} {ergonomic}
   size_t MinHeapSize                              = 8388608                                   {product} {ergonomic}
    uintx NonNMethodCodeHeapSize                   = 5839372                                {pd product} {ergonomic}
    uintx NonProfiledCodeHeapSize                  = 122909434                              {pd product} {ergonomic}
    uintx ProfiledCodeHeapSize                     = 122909434                              {pd product} {ergonomic}
    uintx ReservedCodeCacheSize                    = 251658240                              {pd product} {ergonomic}
     bool SegmentedCodeCache                       = true                                      {product} {ergonomic}
   size_t SoftMaxHeapSize                          = 2105540608                             {manageable} {ergonomic}
     bool UseCompressedClassPointers               = true                           {product lp64_product} {ergonomic}
     bool UseCompressedOops                        = true                           {product lp64_product} {ergonomic}
     bool UseG1GC                                  = true                                      {product} {ergonomic}
     bool UseLargePagesIndividualAllocation        = false                                  {pd product} {ergonomic}

Logging:
Log output configuration:
 #0: stdout all=warning uptime,level,tags
 #1: stderr all=off uptime,level,tags

Environment Variables:
PATH=C:\Program Files\Common Files\Oracle\Java\javapath;C:\WINDOWS\system32;C:\WINDOWS;C:\WINDOWS\System32\Wbem;C:\WINDOWS\System32\WindowsPowerShell\v1.0\;C:\WINDOWS\System32\OpenSSH\;C:\Program Files\Intel\WiFi\bin\;C:\Program Files\Common Files\Intel\WirelessCommon\;C:\Program Files\Microsoft SQL Server\150\Tools\Binn\;C:\Program Files\Microsoft SQL Server\Client SDK\ODBC\170\Tools\Binn\;C:\Program Files\dotnet\;C:\Program Files\Git\cmd;C:\Program Files\nodejs\;C:\Program Files\Docker\Docker\resources\bin;C:\Users\User\AppData\Local\Programs\Python\Python39\Scripts\;C:\Users\User\AppData\Local\Programs\Python\Python39\;C:\Users\User\AppData\Local\Microsoft\WindowsApps;;C:\Users\User\AppData\Local\Programs\Microsoft VS Code\bin;C:\Users\User\.dotnet\tools;C:\Users\User\AppData\Roaming\npm
USERNAME=User
OS=Windows_NT
PROCESSOR_IDENTIFIER=Intel64 Family 6 Model 142 Stepping 10, GenuineIntel



---------------  S Y S T E M  ---------------

OS:
 Windows 11 , 64 bit Build 22621 (10.0.22621.4974)
OS uptime: 3 days 4:43 hours
Hyper-V role detected

CPU: total 8 (initial active 8) (4 cores per cpu, 2 threads per core) family 6 model 142 stepping 10 microcode 0xec, cx8, cmov, fxsr, ht, mmx, 3dnowpref, sse, sse2, sse3, ssse3, sse4.1, sse4.2, popcnt, lzcnt, tsc, tscinvbit, avx, avx2, aes, erms, clmul, bmi1, bmi2, rtm, adx, fma, vzeroupper, clflush, clflushopt, hv

Memory: 4k page, system-wide physical 8026M (1015M free)
TotalPageFile size 14513M (AvailPageFile size 90M)
current process WorkingSet (physical memory assigned to process): 11M, peak: 11M
current process commit charge ("private bytes"): 60M, peak: 186M

vm_info: Java HotSpot(TM) 64-Bit Server VM (17.0.9+11-LTS-201) for windows-amd64 JRE (17.0.9+11-LTS-201), built on Oct 10 2023 23:16:06 by "mach5one" with MS VC++ 17.1 (VS2022)

END.
